<?xml version="1.0" encoding="UTF-8"?>
<!-- Generated by org.testng.reporters.JUnitXMLReporter -->
<testsuite hostname="DESKTOP-SFIF1J7" ignored="8" name="Test" tests="7" failures="1" timestamp="2022-04-24T20:25:14 IST" time="27.889" errors="0">
  <testcase name="TestCaselinkfrgtpassword" time="1.841" classname="com.OrangeHRM.TestCases.A_ForgetPasswordTestCases"/>
  <testcase name="TestCaseRestvalid" time="1.366" classname="com.OrangeHRM.TestCases.A_ForgetPasswordTestCases"/>
  <testcase name="TestCaseRestInvalid" time="1.055" classname="com.OrangeHRM.TestCases.A_ForgetPasswordTestCases"/>
  <testcase name="TestCaseRestcancel" time="4.34" classname="com.OrangeHRM.TestCases.A_ForgetPasswordTestCases"/>
  <testcase name="TestCaseInvalid" time="2.533" classname="com.OrangeHRM.TestCases.B_LogInpageTestCases"/>
  <testcase name="TestCaseValid" time="5.228" classname="com.OrangeHRM.TestCases.B_LogInpageTestCases"/>
  <testcase name="Logout" time="3.114" classname="com.OrangeHRM.TestCases.C_DashbordTestCases">
    <failure type="org.openqa.selenium.NoSuchElementException" message="no such element: Unable to locate element: {&amp;quot;method&amp;quot;:&amp;quot;xpath&amp;quot;,&amp;quot;selector&amp;quot;:&amp;quot;//a[@id=&amp;quot;welcome&amp;quot;]&amp;quot;}
  (Session info: chrome=100.0.4896.127)
For documentation on this error, please visit: http://seleniumhq.org/exceptions/no_such_element.html
Build info: version: &amp;apos;3.11.0&amp;apos;, revision: &amp;apos;e59cfb3&amp;apos;, time: &amp;apos;2018-03-11T20:26:55.152Z&amp;apos;
System info: host: &amp;apos;DESKTOP-SFIF1J7&amp;apos;, ip: &amp;apos;192.168.88.116&amp;apos;, os.name: &amp;apos;Windows 10&amp;apos;, os.arch: &amp;apos;amd64&amp;apos;, os.version: &amp;apos;10.0&amp;apos;, java.version: &amp;apos;1.8.0_301&amp;apos;
Driver info: org.openqa.selenium.chrome.ChromeDriver
Capabilities {acceptInsecureCerts: false, browserName: chrome, browserVersion: 100.0.4896.127, chrome: {chromedriverVersion: 99.0.4844.51 (d537ec02474b5..., userDataDir: C:\Users\Regal\AppData\Loca...}, goog:chromeOptions: {debuggerAddress: localhost:57822}, javascriptEnabled: true, networkConnectionEnabled: false, pageLoadStrategy: normal, platform: WINDOWS, platformName: WINDOWS, proxy: Proxy(), setWindowRect: true, strictFileInteractability: false, timeouts: {implicit: 0, pageLoad: 300000, script: 30000}, unhandledPromptBehavior: dismiss and notify, webauthn:extension:credBlob: true, webauthn:extension:largeBlob: true, webauthn:virtualAuthenticators: true}
Session ID: 33533665d1901fc86cd0710ed302dba0
*** Element info: {Using=xpath, value=//a[@id=&amp;quot;welcome&amp;quot;]}">
      <![CDATA[org.openqa.selenium.NoSuchElementException: no such element: Unable to locate element: {"method":"xpath","selector":"//a[@id="welcome"]"}
  (Session info: chrome=100.0.4896.127)
For documentation on this error, please visit: http://seleniumhq.org/exceptions/no_such_element.html
Build info: version: '3.11.0', revision: 'e59cfb3', time: '2018-03-11T20:26:55.152Z'
System info: host: 'DESKTOP-SFIF1J7', ip: '192.168.88.116', os.name: 'Windows 10', os.arch: 'amd64', os.version: '10.0', java.version: '1.8.0_301'
Driver info: org.openqa.selenium.chrome.ChromeDriver
Capabilities {acceptInsecureCerts: false, browserName: chrome, browserVersion: 100.0.4896.127, chrome: {chromedriverVersion: 99.0.4844.51 (d537ec02474b5..., userDataDir: C:\Users\Regal\AppData\Loca...}, goog:chromeOptions: {debuggerAddress: localhost:57822}, javascriptEnabled: true, networkConnectionEnabled: false, pageLoadStrategy: normal, platform: WINDOWS, platformName: WINDOWS, proxy: Proxy(), setWindowRect: true, strictFileInteractability: false, timeouts: {implicit: 0, pageLoad: 300000, script: 30000}, unhandledPromptBehavior: dismiss and notify, webauthn:extension:credBlob: true, webauthn:extension:largeBlob: true, webauthn:virtualAuthenticators: true}
Session ID: 33533665d1901fc86cd0710ed302dba0
*** Element info: {Using=xpath, value=//a[@id="welcome"]}
at org.openqa.selenium.remote.http.W3CHttpResponseCodec.createException(W3CHttpResponseCodec.java:187)
at org.openqa.selenium.remote.http.W3CHttpResponseCodec.decode(W3CHttpResponseCodec.java:122)
at org.openqa.selenium.remote.http.W3CHttpResponseCodec.decode(W3CHttpResponseCodec.java:49)
at org.openqa.selenium.remote.HttpCommandExecutor.execute(HttpCommandExecutor.java:158)
at org.openqa.selenium.remote.service.DriverCommandExecutor.execute(DriverCommandExecutor.java:83)
at org.openqa.selenium.remote.RemoteWebDriver.execute(RemoteWebDriver.java:545)
at org.openqa.selenium.remote.RemoteWebDriver.findElement(RemoteWebDriver.java:319)
at org.openqa.selenium.remote.RemoteWebDriver.findElementByXPath(RemoteWebDriver.java:421)
at org.openqa.selenium.By$ByXPath.findElement(By.java:361)
at org.openqa.selenium.remote.RemoteWebDriver.findElement(RemoteWebDriver.java:311)
at org.openqa.selenium.support.pagefactory.DefaultElementLocator.findElement(DefaultElementLocator.java:69)
at org.openqa.selenium.support.pagefactory.internal.LocatingElementHandler.invoke(LocatingElementHandler.java:38)
at com.sun.proxy.$Proxy14.click(Unknown Source)
at com.OrangeHRM.pages.C_Dashbord.clickonlogout(C_Dashbord.java:26)
at com.OrangeHRM.TestCases.C_DashbordTestCases.Logout(C_DashbordTestCases.java:37)
at java.util.ArrayList.forEach(Unknown Source)
... Removed 31 stack frames]]>
    </failure>
  </testcase> <!-- Logout -->
  <testcase name="@BeforeTest MultipleReport" time="0.0" classname="com.OrangeHRM.Utility.Reports">
    <ignored/>
  </testcase> <!-- @BeforeTest MultipleReport -->
  <testcase name="@BeforeTest MultipleReport" time="0.0" classname="com.OrangeHRM.Utility.Reports">
    <ignored/>
  </testcase> <!-- @BeforeTest MultipleReport -->
  <testcase name="@AfterSuite BrowserClose" time="0.0" classname="com.OrangeHRM.Utility.BaseClass">
    <ignored/>
  </testcase> <!-- @AfterSuite BrowserClose -->
  <testcase name="@AfterSuite BrowserClose" time="0.0" classname="com.OrangeHRM.Utility.BaseClass">
    <ignored/>
  </testcase> <!-- @AfterSuite BrowserClose -->
  <testcase name="@BeforeSuite ReadFile" time="0.0" classname="com.OrangeHRM.Utility.BaseClass">
    <ignored/>
  </testcase> <!-- @BeforeSuite ReadFile -->
  <testcase name="@BeforeSuite ReadFile" time="0.0" classname="com.OrangeHRM.Utility.BaseClass">
    <ignored/>
  </testcase> <!-- @BeforeSuite ReadFile -->
  <testcase name="@BeforeTest loadUrl" time="0.0" classname="com.OrangeHRM.Utility.BaseClass">
    <ignored/>
  </testcase> <!-- @BeforeTest loadUrl -->
  <testcase name="@BeforeTest loadUrl" time="0.0" classname="com.OrangeHRM.Utility.BaseClass">
    <ignored/>
  </testcase> <!-- @BeforeTest loadUrl -->
</testsuite> <!-- Test -->
